2023-12-17T00:01:36.599+01:00  INFO 28644 --- [main] lavalink.server.Launcher                 : Starting Launcher v4.0.0 using Java 17.0.9 with PID 28644 (C:\Users\micha\.gradle\lavalink-versions\4.0.0\Lavalink.jar started by micha in C:\Users\micha\IdeaProjects\lyrics-kt)
2023-12-17T00:01:36.605+01:00  INFO 28644 --- [main] lavalink.server.Launcher                 : No active profile set, falling back to 1 default profile: "default"
2023-12-17T00:01:37.285+01:00  INFO 28644 --- [main] l.server.bootstrap.PluginManager         : Found plugin 'lyrics' version 1.0-SNAPSHOT
2023-12-17T00:01:37.302+01:00  INFO 28644 --- [main] l.server.bootstrap.PluginManager         : Loaded plugin.jar (4 classes)
2023-12-17T00:01:37.391+01:00  INFO 28644 --- [main] lavalink.server.Launcher                 : Started Launcher in 1.151 seconds (process running for 1.536)
2023-12-17T00:01:37.402+01:00  INFO 28644 --- [main] lavalink.server.Launcher                 : You can safely ignore the big red warning about illegal reflection. See https://github.com/lavalink-devs/Lavalink/issues/295
2023-12-17T00:01:37.442+01:00  INFO 28644 --- [main] lavalink.server.Launcher                 : 

[32m       .  [31m _                  _ _       _    [32m__ _ _
[32m      /\\ [31m| | __ ___   ____ _| (_)_ __ | | __[32m\ \ \ \
[32m     ( ( )[31m| |/ _` \ \ / / _` | | | '_ \| |/ /[32m \ \ \ \
[32m      \\/ [31m| | (_| |\ V / (_| | | | | | |   < [32m  ) ) ) )
[32m       '  [31m|_|\__,_| \_/ \__,_|_|_|_| |_|_|\_\[32m / / / /
[0m    =========================================[32m/_/_/_/[0m

	Version:        4.0.0
	Build time:     03.12.2023 14:46:34 UTC
	Branch          HEAD
	Commit:         acc6069
	Commit time:    03.12.2023 14:45:17 UTC
	JVM:            17.0.9
	Lavaplayer      2.0.4

2023-12-17T00:01:37.449+01:00  INFO 28644 --- [main] lavalink.server.Launcher                 : No active profile set, falling back to 1 default profile: "default"
2023-12-17T00:01:38.028+01:00  WARN 28644 --- [main] io.undertow.websockets.jsr               : UT026010: Buffer pool was not set on WebSocketDeploymentInfo, the default pool will be used
2023-12-17T00:01:38.045+01:00  INFO 28644 --- [main] io.undertow.servlet                      : Initializing Spring embedded WebApplicationContext
2023-12-17T00:01:38.045+01:00  INFO 28644 --- [main] w.s.c.ServletWebServerApplicationContext : Root WebApplicationContext: initialization completed in 593 ms
2023-12-17T00:01:38.252+01:00  INFO 28644 --- [main] c.s.d.l.tools.GarbageCollectionMonitor   : GC monitoring enabled, reporting results every 2 minutes.
2023-12-17T00:01:38.734+01:00  INFO 28644 --- [main] l.server.config.KoeConfiguration         : OS: WINDOWS, Arch: X86_64
2023-12-17T00:01:38.734+01:00  INFO 28644 --- [main] l.server.config.KoeConfiguration         : Enabling JDA-NAS
2023-12-17T00:01:38.736+01:00  INFO 28644 --- [main] c.s.l.c.natives.NativeLibraryLoader      : Native library udpqueue: loading with filter null
2023-12-17T00:01:38.759+01:00  INFO 28644 --- [main] c.s.l.c.natives.NativeLibraryLoader      : Native library udpqueue: successfully loaded.
2023-12-17T00:01:38.774+01:00  WARN 28644 --- [main] l.server.config.SentryConfiguration      : Turning off sentry
2023-12-17T00:01:38.964+01:00  INFO 28644 --- [main] io.undertow                              : starting server: Undertow - 2.3.6.Final
2023-12-17T00:01:38.971+01:00  INFO 28644 --- [main] org.xnio                                 : XNIO version 3.8.8.Final
2023-12-17T00:01:38.976+01:00  INFO 28644 --- [main] org.xnio.nio                             : XNIO NIO Implementation Version 3.8.8.Final
2023-12-17T00:01:39.027+01:00  INFO 28644 --- [main] org.jboss.threads                        : JBoss Threads version 3.5.0.Final
2023-12-17T00:01:39.062+01:00  INFO 28644 --- [main] o.s.b.w.e.undertow.UndertowWebServer     : Undertow started on port(s) 2333 (http)
2023-12-17T00:01:39.066+01:00  INFO 28644 --- [main] lavalink.server.Launcher                 : Started Launcher in 1.661 seconds (process running for 3.211)
2023-12-17T00:01:39.066+01:00  INFO 28644 --- [main] lavalink.server.Launcher                 : Lavalink is ready to accept connections.
2023-12-17T00:01:41.331+01:00  INFO 28644 --- [XNIO-1 task-2] io.undertow.servlet                      : Initializing Spring DispatcherServlet 'dispatcherServlet'
2023-12-17T00:01:41.331+01:00  INFO 28644 --- [XNIO-1 task-2] o.s.web.servlet.DispatcherServlet        : Initializing Servlet 'dispatcherServlet'
2023-12-17T00:01:41.332+01:00  INFO 28644 --- [XNIO-1 task-2] o.s.web.servlet.DispatcherServlet        : Completed initialization in 1 ms
2023-12-17T00:01:42.085+01:00  INFO 28644 --- [XNIO-1 task-2] l.server.io.RequestLoggingFilter         : GET /v4/lyrics/search/gbdhc2227201, client=0:0:0:0:0:0:0:1
2023-12-17T00:10:30.071+01:00  INFO 29804 --- [main] lavalink.server.Launcher                 : Starting Launcher v4.0.0 using Java 17.0.9 with PID 29804 (C:\Users\micha\.gradle\lavalink-versions\4.0.0\Lavalink.jar started by micha in C:\Users\micha\IdeaProjects\lyrics-kt)
2023-12-17T00:10:30.073+01:00  INFO 29804 --- [main] lavalink.server.Launcher                 : No active profile set, falling back to 1 default profile: "default"
2023-12-17T00:10:30.765+01:00  INFO 29804 --- [main] l.server.bootstrap.PluginManager         : Found plugin 'lyrics' version 1.0-SNAPSHOT
2023-12-17T00:10:30.782+01:00  INFO 29804 --- [main] l.server.bootstrap.PluginManager         : Loaded plugin.jar (4 classes)
2023-12-17T00:10:30.872+01:00  INFO 29804 --- [main] lavalink.server.Launcher                 : Started Launcher in 1.158 seconds (process running for 1.548)
2023-12-17T00:10:30.874+01:00  INFO 29804 --- [main] lavalink.server.Launcher                 : You can safely ignore the big red warning about illegal reflection. See https://github.com/lavalink-devs/Lavalink/issues/295
2023-12-17T00:10:30.914+01:00  INFO 29804 --- [main] lavalink.server.Launcher                 : 

[32m       .  [31m _                  _ _       _    [32m__ _ _
[32m      /\\ [31m| | __ ___   ____ _| (_)_ __ | | __[32m\ \ \ \
[32m     ( ( )[31m| |/ _` \ \ / / _` | | | '_ \| |/ /[32m \ \ \ \
[32m      \\/ [31m| | (_| |\ V / (_| | | | | | |   < [32m  ) ) ) )
[32m       '  [31m|_|\__,_| \_/ \__,_|_|_|_| |_|_|\_\[32m / / / /
[0m    =========================================[32m/_/_/_/[0m

	Version:        4.0.0
	Build time:     03.12.2023 14:46:34 UTC
	Branch          HEAD
	Commit:         acc6069
	Commit time:    03.12.2023 14:45:17 UTC
	JVM:            17.0.9
	Lavaplayer      2.0.4

2023-12-17T00:10:30.922+01:00  INFO 29804 --- [main] lavalink.server.Launcher                 : No active profile set, falling back to 1 default profile: "default"
2023-12-17T00:10:31.492+01:00  WARN 29804 --- [main] io.undertow.websockets.jsr               : UT026010: Buffer pool was not set on WebSocketDeploymentInfo, the default pool will be used
2023-12-17T00:10:31.508+01:00  INFO 29804 --- [main] io.undertow.servlet                      : Initializing Spring embedded WebApplicationContext
2023-12-17T00:10:31.508+01:00  INFO 29804 --- [main] w.s.c.ServletWebServerApplicationContext : Root WebApplicationContext: initialization completed in 582 ms
2023-12-17T00:10:31.598+01:00  INFO 29804 --- [main] c.s.d.l.tools.GarbageCollectionMonitor   : GC monitoring enabled, reporting results every 2 minutes.
2023-12-17T00:10:32.068+01:00  INFO 29804 --- [main] l.server.config.KoeConfiguration         : OS: WINDOWS, Arch: X86_64
2023-12-17T00:10:32.068+01:00  INFO 29804 --- [main] l.server.config.KoeConfiguration         : Enabling JDA-NAS
2023-12-17T00:10:32.070+01:00  INFO 29804 --- [main] c.s.l.c.natives.NativeLibraryLoader      : Native library udpqueue: loading with filter null
2023-12-17T00:10:32.084+01:00  INFO 29804 --- [main] c.s.l.c.natives.NativeLibraryLoader      : Native library udpqueue: successfully loaded.
2023-12-17T00:10:32.232+01:00  WARN 29804 --- [main] l.server.config.SentryConfiguration      : Turning off sentry
2023-12-17T00:10:32.427+01:00  INFO 29804 --- [main] io.undertow                              : starting server: Undertow - 2.3.6.Final
2023-12-17T00:10:32.435+01:00  INFO 29804 --- [main] org.xnio                                 : XNIO version 3.8.8.Final
2023-12-17T00:10:32.440+01:00  INFO 29804 --- [main] org.xnio.nio                             : XNIO NIO Implementation Version 3.8.8.Final
2023-12-17T00:10:32.480+01:00  INFO 29804 --- [main] org.jboss.threads                        : JBoss Threads version 3.5.0.Final
2023-12-17T00:10:32.513+01:00  INFO 29804 --- [main] o.s.b.w.e.undertow.UndertowWebServer     : Undertow started on port(s) 2333 (http)
2023-12-17T00:10:32.517+01:00  INFO 29804 --- [main] lavalink.server.Launcher                 : Started Launcher in 1.639 seconds (process running for 3.193)
2023-12-17T00:10:32.517+01:00  INFO 29804 --- [main] lavalink.server.Launcher                 : Lavalink is ready to accept connections.
2023-12-17T00:10:34.398+01:00  INFO 29804 --- [XNIO-1 task-2] io.undertow.servlet                      : Initializing Spring DispatcherServlet 'dispatcherServlet'
2023-12-17T00:10:34.399+01:00  INFO 29804 --- [XNIO-1 task-2] o.s.web.servlet.DispatcherServlet        : Initializing Servlet 'dispatcherServlet'
2023-12-17T00:10:34.400+01:00  INFO 29804 --- [XNIO-1 task-2] o.s.web.servlet.DispatcherServlet        : Completed initialization in 1 ms
2023-12-17T00:10:34.408+01:00  WARN 29804 --- [XNIO-1 task-2] o.s.web.servlet.PageNotFound             : No mapping for GET /
2023-12-17T00:10:34.409+01:00  INFO 29804 --- [XNIO-1 task-2] l.server.io.RequestLoggingFilter         : GET /, client=127.0.0.1
2023-12-17T00:10:42.928+01:00  INFO 29804 --- [XNIO-1 task-2] l.server.io.HandshakeInterceptorImpl     : Incoming connection from /127.0.0.1:63966
2023-12-17T00:10:42.939+01:00  INFO 29804 --- [XNIO-1 task-2] l.server.io.RequestLoggingFilter         : GET /v4/websocket, client=127.0.0.1
2023-12-17T00:10:42.969+01:00  INFO 29804 --- [XNIO-1 task-2] lavalink.server.io.SocketServer          : Connection successfully established from IntelliJ test client
2023-12-17T00:11:04.913+01:00  WARN 29804 --- [XNIO-1 task-2] .w.s.m.s.DefaultHandlerExceptionResolver : Resolved [org.springframework.web.method.annotation.MethodArgumentTypeMismatchException: Failed to convert value of type 'java.lang.String' to required type 'long'; For input string: "a"]
2023-12-17T00:11:04.914+01:00  INFO 29804 --- [XNIO-1 task-2] l.server.io.RequestLoggingFilter         : GET /v4/sessions/a/players/a/lyrics, client=0:0:0:0:0:0:0:1
2023-12-17T00:11:12.271+01:00  WARN 29804 --- [XNIO-1 task-2] .w.s.m.s.DefaultHandlerExceptionResolver : Resolved [org.springframework.web.method.annotation.MethodArgumentTypeMismatchException: Failed to convert value of type 'java.lang.String' to required type 'long'; For input string: "a"]
2023-12-17T00:11:12.271+01:00  INFO 29804 --- [XNIO-1 task-2] l.server.io.RequestLoggingFilter         : GET /v4/sessions/xaayzjvqsj43iizs/players/a/lyrics, client=0:0:0:0:0:0:0:1
2023-12-17T00:11:21.064+01:00  INFO 29804 --- [XNIO-1 task-2] l.server.io.RequestLoggingFilter         : GET /v4/sessions/xaayzjvqsj43iizs/players/1/lyrics, client=0:0:0:0:0:0:0:1
